This file contains any messages produced by compilers while
running configure, to aid debugging if configure makes a mistake.

It was created by jellyfish configure 2.1.3, which was
generated by GNU Autoconf 2.68.  Invocation command line was

  $ /home/robp/SoftwareStaging/salmon/external/jellyfish-2.1.3/configure --prefix=/home/robp/SoftwareStaging/salmon/external/install CC=/usr/bin/gcc-4.9 CXX=/usr/bin/g++-4.9 CXXFLAGS=

## --------- ##
## Platform. ##
## --------- ##

hostname = ocean
uname -m = x86_64
uname -r = 3.13.0-43-generic
uname -s = Linux
uname -v = #72-Ubuntu SMP Mon Dec 8 19:35:06 UTC 2014

/usr/bin/uname -p = unknown
/bin/uname -X     = unknown

/bin/arch              = unknown
/usr/bin/arch -k       = unknown
/usr/convex/getsysinfo = unknown
/usr/bin/hostinfo      = unknown
/bin/machine           = unknown
/usr/bin/oslevel       = unknown
/bin/universe          = unknown

PATH: /home/robp/bin
PATH: /home/robp/SoftwareStaging/express-1.5.1-src/build/src
PATH: /home/robp/SoftwareStaging/RSEM
PATH: /home/robp/SoftwareStaging/sailfish/build/src
PATH: /home/robp/SoftwareStaging/flux-simulator-1.2.2-20140614022955/bin
PATH: /opt/local/bin
PATH: /opt/local/stow/CPLEX_Studio126/cplex/bin/x86-64_linux
PATH: /home/robp/bin
PATH: /home/robp/SoftwareStaging/express-1.5.1-src/build/src
PATH: /home/robp/SoftwareStaging/RSEM
PATH: /home/robp/SoftwareStaging/sailfish/build/src
PATH: /home/robp/SoftwareStaging/flux-simulator-1.2.2-20140614022955/bin
PATH: /opt/local/bin
PATH: /opt/local/stow/CPLEX_Studio126/cplex/bin/x86-64_linux
PATH: /home/robp/SoftwareStaging/express-1.5.1-src/build/src
PATH: /home/robp/SoftwareStaging/RSEM
PATH: /home/robp/SoftwareStaging/sailfish/build/src
PATH: /home/robp/SoftwareStaging/flux-simulator-1.2.2-20140614022955/bin
PATH: /opt/local/bin
PATH: /opt/local/stow/CPLEX_Studio126/cplex/bin/x86-64_linux
PATH: /usr/local/sbin
PATH: /usr/local/bin
PATH: /usr/sbin
PATH: /usr/bin
PATH: /sbin
PATH: /bin
PATH: /usr/games


## ----------- ##
## Core tests. ##
## ----------- ##

configure:2445: checking build system type
configure:2459: result: x86_64-unknown-linux-gnu
configure:2479: checking host system type
configure:2492: result: x86_64-unknown-linux-gnu
configure:2529: checking for a BSD-compatible install
configure:2597: result: /usr/bin/install -c
configure:2608: checking whether build environment is sane
configure:2658: result: yes
configure:2799: checking for a thread-safe mkdir -p
configure:2838: result: /bin/mkdir -p
configure:2851: checking for gawk
configure:2867: found /usr/bin/gawk
configure:2878: result: gawk
configure:2889: checking whether make sets $(MAKE)
configure:2911: result: yes
configure:3002: checking whether make supports nested variables
configure:3019: result: yes
configure:3079: checking how to print strings
configure:3106: result: printf
configure:3139: checking for style of include used by make
configure:3167: result: GNU
configure:3238: checking for gcc
configure:3265: result: /usr/bin/gcc-4.9
configure:3494: checking for C compiler version
configure:3503: /usr/bin/gcc-4.9 --version >&5
gcc-4.9 (Ubuntu 4.9.1-1ubuntu2~14.04.3) 4.9.1
Copyright (C) 2014 Free Software Foundation, Inc.
This is free software; see the source for copying conditions.  There is NO
warranty; not even for MERCHANTABILITY or FITNESS FOR A PARTICULAR PURPOSE.

configure:3514: $? = 0
configure:3503: /usr/bin/gcc-4.9 -v >&5
Using built-in specs.
COLLECT_GCC=/usr/bin/gcc-4.9
COLLECT_LTO_WRAPPER=/usr/lib/gcc/x86_64-linux-gnu/4.9/lto-wrapper
Target: x86_64-linux-gnu
Configured with: ../src/configure -v --with-pkgversion='Ubuntu 4.9.1-1ubuntu2~14.04.3' --with-bugurl=file:///usr/share/doc/gcc-4.9/README.Bugs --enable-languages=c,c++,java,go,d,fortran,objc,obj-c++ --prefix=/usr --program-suffix=-4.9 --enable-shared --enable-linker-build-id --libexecdir=/usr/lib --without-included-gettext --enable-threads=posix --with-gxx-include-dir=/usr/include/c++/4.9 --libdir=/usr/lib --enable-nls --with-sysroot=/ --enable-clocale=gnu --enable-libstdcxx-debug --enable-libstdcxx-time=yes --enable-gnu-unique-object --disable-libmudflap --disable-vtable-verify --enable-plugin --with-system-zlib --disable-browser-plugin --enable-java-awt=gtk --enable-gtk-cairo --with-java-home=/usr/lib/jvm/java-1.5.0-gcj-4.9-amd64/jre --enable-java-home --with-jvm-root-dir=/usr/lib/jvm/java-1.5.0-gcj-4.9-amd64 --with-jvm-jar-dir=/usr/lib/jvm-exports/java-1.5.0-gcj-4.9-amd64 --with-arch-directory=amd64 --with-ecj-jar=/usr/share/java/eclipse-ecj.jar --enable-objc-gc --enable-multiarch --disable-werror --with-arch-32=i686 --with-abi=m64 --with-multilib-list=m32,m64,mx32 --enable-multilib --with-tune=generic --enable-checking=release --build=x86_64-linux-gnu --host=x86_64-linux-gnu --target=x86_64-linux-gnu
Thread model: posix
gcc version 4.9.1 (Ubuntu 4.9.1-1ubuntu2~14.04.3) 
configure:3514: $? = 0
configure:3503: /usr/bin/gcc-4.9 -V >&5
gcc-4.9: error: unrecognized command line option '-V'
gcc-4.9: fatal error: no input files
compilation terminated.
configure:3514: $? = 4
configure:3503: /usr/bin/gcc-4.9 -qversion >&5
gcc-4.9: error: unrecognized command line option '-qversion'
gcc-4.9: fatal error: no input files
compilation terminated.
configure:3514: $? = 4
configure:3534: checking whether the C compiler works
configure:3556: /usr/bin/gcc-4.9    conftest.c  >&5
configure:3560: $? = 0
configure:3608: result: yes
configure:3611: checking for C compiler default output file name
configure:3613: result: a.out
configure:3619: checking for suffix of executables
configure:3626: /usr/bin/gcc-4.9 -o conftest    conftest.c  >&5
configure:3630: $? = 0
configure:3652: result: 
configure:3674: checking whether we are cross compiling
configure:3682: /usr/bin/gcc-4.9 -o conftest    conftest.c  >&5
configure:3686: $? = 0
configure:3693: ./conftest
configure:3697: $? = 0
configure:3712: result: no
configure:3717: checking for suffix of object files
configure:3739: /usr/bin/gcc-4.9 -c   conftest.c >&5
configure:3743: $? = 0
configure:3764: result: o
configure:3768: checking whether we are using the GNU C compiler
configure:3787: /usr/bin/gcc-4.9 -c   conftest.c >&5
configure:3787: $? = 0
configure:3796: result: yes
configure:3805: checking whether /usr/bin/gcc-4.9 accepts -g
configure:3825: /usr/bin/gcc-4.9 -c -g  conftest.c >&5
configure:3825: $? = 0
configure:3866: result: yes
configure:3883: checking for /usr/bin/gcc-4.9 option to accept ISO C89
configure:3947: /usr/bin/gcc-4.9  -c -g -O2  conftest.c >&5
configure:3947: $? = 0
configure:3960: result: none needed
configure:3982: checking dependency style of /usr/bin/gcc-4.9
configure:4093: result: gcc3
configure:4108: checking for a sed that does not truncate output
configure:4172: result: /bin/sed
configure:4190: checking for grep that handles long lines and -e
configure:4248: result: /bin/grep
configure:4253: checking for egrep
configure:4315: result: /bin/grep -E
configure:4320: checking for fgrep
configure:4382: result: /bin/grep -F
configure:4417: checking for ld used by /usr/bin/gcc-4.9
configure:4484: result: /usr/bin/ld
configure:4491: checking if the linker (/usr/bin/ld) is GNU ld
configure:4506: result: yes
configure:4518: checking for BSD- or MS-compatible name lister (nm)
configure:4567: result: /usr/bin/nm -B
configure:4697: checking the name lister (/usr/bin/nm -B) interface
configure:4704: /usr/bin/gcc-4.9 -c -g -O2  conftest.c >&5
configure:4707: /usr/bin/nm -B "conftest.o"
configure:4710: output
0000000000000000 B some_variable
configure:4717: result: BSD nm
configure:4720: checking whether ln -s works
configure:4724: result: yes
configure:4732: checking the maximum length of command line arguments
configure:4862: result: 3458764513820540925
configure:4879: checking whether the shell understands some XSI constructs
configure:4889: result: yes
configure:4893: checking whether the shell understands "+="
configure:4899: result: yes
configure:4934: checking how to convert x86_64-unknown-linux-gnu file names to x86_64-unknown-linux-gnu format
configure:4974: result: func_convert_file_noop
configure:4981: checking how to convert x86_64-unknown-linux-gnu file names to toolchain format
configure:5001: result: func_convert_file_noop
configure:5008: checking for /usr/bin/ld option to reload object files
configure:5015: result: -r
configure:5089: checking for objdump
configure:5105: found /usr/bin/objdump
configure:5116: result: objdump
configure:5148: checking how to recognize dependent libraries
configure:5350: result: pass_all
configure:5435: checking for dlltool
configure:5465: result: no
configure:5495: checking how to associate runtime and link libraries
configure:5522: result: printf %s\n
configure:5583: checking for ar
configure:5599: found /usr/bin/ar
configure:5610: result: ar
configure:5647: checking for archiver @FILE support
configure:5664: /usr/bin/gcc-4.9 -c -g -O2  conftest.c >&5
configure:5664: $? = 0
configure:5667: ar cru libconftest.a @conftest.lst >&5
configure:5670: $? = 0
configure:5675: ar cru libconftest.a @conftest.lst >&5
ar: conftest.o: No such file or directory
configure:5678: $? = 1
configure:5690: result: @
configure:5748: checking for strip
configure:5764: found /usr/bin/strip
configure:5775: result: strip
configure:5847: checking for ranlib
configure:5863: found /usr/bin/ranlib
configure:5874: result: ranlib
configure:5976: checking command to parse /usr/bin/nm -B output from /usr/bin/gcc-4.9 object
configure:6096: /usr/bin/gcc-4.9 -c -g -O2  conftest.c >&5
configure:6099: $? = 0
configure:6103: /usr/bin/nm -B conftest.o \| sed -n -e 's/^.*[ ]\([ABCDGIRSTW][ABCDGIRSTW]*\)[ ][ ]*\([_A-Za-z][_A-Za-z0-9]*\)$/\1 \2 \2/p' | sed '/ __gnu_lto/d' \> conftest.nm
configure:6106: $? = 0
configure:6172: /usr/bin/gcc-4.9 -o conftest -g -O2   conftest.c conftstm.o >&5
configure:6175: $? = 0
configure:6213: result: ok
configure:6250: checking for sysroot
configure:6280: result: no
configure:6357: /usr/bin/gcc-4.9 -c -g -O2  conftest.c >&5
configure:6360: $? = 0
configure:6536: checking for mt
configure:6552: found /bin/mt
configure:6563: result: mt
configure:6586: checking if mt is a manifest tool
configure:6592: mt '-?'
configure:6600: result: no
configure:7242: checking how to run the C preprocessor
configure:7273: /usr/bin/gcc-4.9 -E  conftest.c
configure:7273: $? = 0
configure:7287: /usr/bin/gcc-4.9 -E  conftest.c
conftest.c:11:28: fatal error: ac_nonexistent.h: No such file or directory
 #include <ac_nonexistent.h>
                            ^
compilation terminated.
configure:7287: $? = 1
configure: failed program was:
| /* confdefs.h */
| #define PACKAGE_NAME "jellyfish"
| #define PACKAGE_TARNAME "jellyfish"
| #define PACKAGE_VERSION "2.1.3"
| #define PACKAGE_STRING "jellyfish 2.1.3"
| #define PACKAGE_BUGREPORT "gmarcais@umd.edu"
| #define PACKAGE_URL ""
| #define PACKAGE "jellyfish"
| #define VERSION "2.1.3"
| /* end confdefs.h.  */
| #include <ac_nonexistent.h>
configure:7312: result: /usr/bin/gcc-4.9 -E
configure:7332: /usr/bin/gcc-4.9 -E  conftest.c
configure:7332: $? = 0
configure:7346: /usr/bin/gcc-4.9 -E  conftest.c
conftest.c:11:28: fatal error: ac_nonexistent.h: No such file or directory
 #include <ac_nonexistent.h>
                            ^
compilation terminated.
configure:7346: $? = 1
configure: failed program was:
| /* confdefs.h */
| #define PACKAGE_NAME "jellyfish"
| #define PACKAGE_TARNAME "jellyfish"
| #define PACKAGE_VERSION "2.1.3"
| #define PACKAGE_STRING "jellyfish 2.1.3"
| #define PACKAGE_BUGREPORT "gmarcais@umd.edu"
| #define PACKAGE_URL ""
| #define PACKAGE "jellyfish"
| #define VERSION "2.1.3"
| /* end confdefs.h.  */
| #include <ac_nonexistent.h>
configure:7375: checking for ANSI C header files
configure:7395: /usr/bin/gcc-4.9 -c -g -O2  conftest.c >&5
configure:7395: $? = 0
configure:7468: /usr/bin/gcc-4.9 -o conftest -g -O2   conftest.c  >&5
configure:7468: $? = 0
configure:7468: ./conftest
configure:7468: $? = 0
configure:7479: result: yes
configure:7492: checking for sys/types.h
configure:7492: /usr/bin/gcc-4.9 -c -g -O2  conftest.c >&5
configure:7492: $? = 0
configure:7492: result: yes
configure:7492: checking for sys/stat.h
configure:7492: /usr/bin/gcc-4.9 -c -g -O2  conftest.c >&5
configure:7492: $? = 0
configure:7492: result: yes
configure:7492: checking for stdlib.h
configure:7492: /usr/bin/gcc-4.9 -c -g -O2  conftest.c >&5
configure:7492: $? = 0
configure:7492: result: yes
configure:7492: checking for string.h
configure:7492: /usr/bin/gcc-4.9 -c -g -O2  conftest.c >&5
configure:7492: $? = 0
configure:7492: result: yes
configure:7492: checking for memory.h
configure:7492: /usr/bin/gcc-4.9 -c -g -O2  conftest.c >&5
configure:7492: $? = 0
configure:7492: result: yes
configure:7492: checking for strings.h
configure:7492: /usr/bin/gcc-4.9 -c -g -O2  conftest.c >&5
configure:7492: $? = 0
configure:7492: result: yes
configure:7492: checking for inttypes.h
configure:7492: /usr/bin/gcc-4.9 -c -g -O2  conftest.c >&5
configure:7492: $? = 0
configure:7492: result: yes
configure:7492: checking for stdint.h
configure:7492: /usr/bin/gcc-4.9 -c -g -O2  conftest.c >&5
configure:7492: $? = 0
configure:7492: result: yes
configure:7492: checking for unistd.h
configure:7492: /usr/bin/gcc-4.9 -c -g -O2  conftest.c >&5
configure:7492: $? = 0
configure:7492: result: yes
configure:7506: checking for dlfcn.h
configure:7506: /usr/bin/gcc-4.9 -c -g -O2  conftest.c >&5
configure:7506: $? = 0
configure:7506: result: yes
configure:7712: checking for objdir
configure:7727: result: .libs
configure:7998: checking if /usr/bin/gcc-4.9 supports -fno-rtti -fno-exceptions
configure:8016: /usr/bin/gcc-4.9 -c -g -O2  -fno-rtti -fno-exceptions conftest.c >&5
cc1: warning: command line option '-fno-rtti' is valid for C++/ObjC++ but not for C
configure:8020: $? = 0
configure:8033: result: no
configure:8360: checking for /usr/bin/gcc-4.9 option to produce PIC
configure:8367: result: -fPIC -DPIC
configure:8375: checking if /usr/bin/gcc-4.9 PIC flag -fPIC -DPIC works
configure:8393: /usr/bin/gcc-4.9 -c -g -O2  -fPIC -DPIC -DPIC conftest.c >&5
configure:8397: $? = 0
configure:8410: result: yes
configure:8439: checking if /usr/bin/gcc-4.9 static flag -static works
configure:8467: result: yes
configure:8482: checking if /usr/bin/gcc-4.9 supports -c -o file.o
configure:8503: /usr/bin/gcc-4.9 -c -g -O2  -o out/conftest2.o conftest.c >&5
configure:8507: $? = 0
configure:8529: result: yes
configure:8537: checking if /usr/bin/gcc-4.9 supports -c -o file.o
configure:8584: result: yes
configure:8617: checking whether the /usr/bin/gcc-4.9 linker (/usr/bin/ld -m elf_x86_64) supports shared libraries
configure:9770: result: yes
configure:9807: checking whether -lc should be explicitly linked in
configure:9815: /usr/bin/gcc-4.9 -c -g -O2  conftest.c >&5
configure:9818: $? = 0
configure:9833: /usr/bin/gcc-4.9 -shared  -fPIC -DPIC conftest.o  -v -Wl,-soname -Wl,conftest -o conftest 2\>\&1 \| /bin/grep  -lc  \>/dev/null 2\>\&1
configure:9836: $? = 0
configure:9850: result: no
configure:10010: checking dynamic linker characteristics
configure:10521: /usr/bin/gcc-4.9 -o conftest -g -O2   -Wl,-rpath -Wl,/foo conftest.c  >&5
configure:10521: $? = 0
configure:10747: result: GNU/Linux ld.so
configure:10854: checking how to hardcode library paths into programs
configure:10879: result: immediate
configure:11419: checking whether stripping libraries is possible
configure:11424: result: yes
configure:11459: checking if libtool supports shared libraries
configure:11461: result: yes
configure:11464: checking whether to build shared libraries
configure:11485: result: yes
configure:11488: checking whether to build static libraries
configure:11492: result: yes
configure:11652: checking for C++ compiler version
configure:11661: /usr/bin/g++-4.9 --version >&5
g++-4.9 (Ubuntu 4.9.1-1ubuntu2~14.04.3) 4.9.1
Copyright (C) 2014 Free Software Foundation, Inc.
This is free software; see the source for copying conditions.  There is NO
warranty; not even for MERCHANTABILITY or FITNESS FOR A PARTICULAR PURPOSE.

configure:11672: $? = 0
configure:11661: /usr/bin/g++-4.9 -v >&5
Using built-in specs.
COLLECT_GCC=/usr/bin/g++-4.9
COLLECT_LTO_WRAPPER=/usr/lib/gcc/x86_64-linux-gnu/4.9/lto-wrapper
Target: x86_64-linux-gnu
Configured with: ../src/configure -v --with-pkgversion='Ubuntu 4.9.1-1ubuntu2~14.04.3' --with-bugurl=file:///usr/share/doc/gcc-4.9/README.Bugs --enable-languages=c,c++,java,go,d,fortran,objc,obj-c++ --prefix=/usr --program-suffix=-4.9 --enable-shared --enable-linker-build-id --libexecdir=/usr/lib --without-included-gettext --enable-threads=posix --with-gxx-include-dir=/usr/include/c++/4.9 --libdir=/usr/lib --enable-nls --with-sysroot=/ --enable-clocale=gnu --enable-libstdcxx-debug --enable-libstdcxx-time=yes --enable-gnu-unique-object --disable-libmudflap --disable-vtable-verify --enable-plugin --with-system-zlib --disable-browser-plugin --enable-java-awt=gtk --enable-gtk-cairo --with-java-home=/usr/lib/jvm/java-1.5.0-gcj-4.9-amd64/jre --enable-java-home --with-jvm-root-dir=/usr/lib/jvm/java-1.5.0-gcj-4.9-amd64 --with-jvm-jar-dir=/usr/lib/jvm-exports/java-1.5.0-gcj-4.9-amd64 --with-arch-directory=amd64 --with-ecj-jar=/usr/share/java/eclipse-ecj.jar --enable-objc-gc --enable-multiarch --disable-werror --with-arch-32=i686 --with-abi=m64 --with-multilib-list=m32,m64,mx32 --enable-multilib --with-tune=generic --enable-checking=release --build=x86_64-linux-gnu --host=x86_64-linux-gnu --target=x86_64-linux-gnu
Thread model: posix
gcc version 4.9.1 (Ubuntu 4.9.1-1ubuntu2~14.04.3) 
configure:11672: $? = 0
configure:11661: /usr/bin/g++-4.9 -V >&5
g++-4.9: error: unrecognized command line option '-V'
g++-4.9: fatal error: no input files
compilation terminated.
configure:11672: $? = 4
configure:11661: /usr/bin/g++-4.9 -qversion >&5
g++-4.9: error: unrecognized command line option '-qversion'
g++-4.9: fatal error: no input files
compilation terminated.
configure:11672: $? = 4
configure:11676: checking whether we are using the GNU C++ compiler
configure:11695: /usr/bin/g++-4.9 -c -std=c++0x   conftest.cpp >&5
configure:11695: $? = 0
configure:11704: result: yes
configure:11713: checking whether /usr/bin/g++-4.9 accepts -g
configure:11733: /usr/bin/g++-4.9 -c -g  conftest.cpp >&5
configure:11733: $? = 0
configure:11774: result: yes
configure:11799: checking dependency style of /usr/bin/g++-4.9
configure:11910: result: gcc3
configure:11943: checking how to run the C++ preprocessor
configure:11970: /usr/bin/g++-4.9 -E  conftest.cpp
configure:11970: $? = 0
configure:11984: /usr/bin/g++-4.9 -E  conftest.cpp
conftest.cpp:23:28: fatal error: ac_nonexistent.h: No such file or directory
 #include <ac_nonexistent.h>
                            ^
compilation terminated.
configure:11984: $? = 1
configure: failed program was:
| /* confdefs.h */
| #define PACKAGE_NAME "jellyfish"
| #define PACKAGE_TARNAME "jellyfish"
| #define PACKAGE_VERSION "2.1.3"
| #define PACKAGE_STRING "jellyfish 2.1.3"
| #define PACKAGE_BUGREPORT "gmarcais@umd.edu"
| #define PACKAGE_URL ""
| #define PACKAGE "jellyfish"
| #define VERSION "2.1.3"
| #define STDC_HEADERS 1
| #define HAVE_SYS_TYPES_H 1
| #define HAVE_SYS_STAT_H 1
| #define HAVE_STDLIB_H 1
| #define HAVE_STRING_H 1
| #define HAVE_MEMORY_H 1
| #define HAVE_STRINGS_H 1
| #define HAVE_INTTYPES_H 1
| #define HAVE_STDINT_H 1
| #define HAVE_UNISTD_H 1
| #define HAVE_DLFCN_H 1
| #define LT_OBJDIR ".libs/"
| /* end confdefs.h.  */
| #include <ac_nonexistent.h>
configure:12009: result: /usr/bin/g++-4.9 -E
configure:12029: /usr/bin/g++-4.9 -E  conftest.cpp
configure:12029: $? = 0
configure:12043: /usr/bin/g++-4.9 -E  conftest.cpp
conftest.cpp:23:28: fatal error: ac_nonexistent.h: No such file or directory
 #include <ac_nonexistent.h>
                            ^
compilation terminated.
configure:12043: $? = 1
configure: failed program was:
| /* confdefs.h */
| #define PACKAGE_NAME "jellyfish"
| #define PACKAGE_TARNAME "jellyfish"
| #define PACKAGE_VERSION "2.1.3"
| #define PACKAGE_STRING "jellyfish 2.1.3"
| #define PACKAGE_BUGREPORT "gmarcais@umd.edu"
| #define PACKAGE_URL ""
| #define PACKAGE "jellyfish"
| #define VERSION "2.1.3"
| #define STDC_HEADERS 1
| #define HAVE_SYS_TYPES_H 1
| #define HAVE_SYS_STAT_H 1
| #define HAVE_STDLIB_H 1
| #define HAVE_STRING_H 1
| #define HAVE_MEMORY_H 1
| #define HAVE_STRINGS_H 1
| #define HAVE_INTTYPES_H 1
| #define HAVE_STDINT_H 1
| #define HAVE_UNISTD_H 1
| #define HAVE_DLFCN_H 1
| #define LT_OBJDIR ".libs/"
| /* end confdefs.h.  */
| #include <ac_nonexistent.h>
configure:12212: checking for ld used by /usr/bin/g++-4.9
configure:12279: result: /usr/bin/ld -m elf_x86_64
configure:12286: checking if the linker (/usr/bin/ld -m elf_x86_64) is GNU ld
configure:12301: result: yes
configure:12356: checking whether the /usr/bin/g++-4.9 linker (/usr/bin/ld -m elf_x86_64) supports shared libraries
configure:13361: result: yes
configure:13397: /usr/bin/g++-4.9 -c -std=c++0x   conftest.cpp >&5
configure:13400: $? = 0
configure:13920: checking for /usr/bin/g++-4.9 option to produce PIC
configure:13927: result: -fPIC -DPIC
configure:13935: checking if /usr/bin/g++-4.9 PIC flag -fPIC -DPIC works
configure:13953: /usr/bin/g++-4.9 -c -std=c++0x   -fPIC -DPIC -DPIC conftest.cpp >&5
configure:13957: $? = 0
configure:13970: result: yes
configure:13993: checking if /usr/bin/g++-4.9 static flag -static works
configure:14021: result: yes
configure:14033: checking if /usr/bin/g++-4.9 supports -c -o file.o
configure:14054: /usr/bin/g++-4.9 -c -std=c++0x   -o out/conftest2.o conftest.cpp >&5
configure:14058: $? = 0
configure:14080: result: yes
configure:14085: checking if /usr/bin/g++-4.9 supports -c -o file.o
configure:14132: result: yes
configure:14162: checking whether the /usr/bin/g++-4.9 linker (/usr/bin/ld -m elf_x86_64) supports shared libraries
configure:14198: result: yes
configure:14339: checking dynamic linker characteristics
configure:15010: result: GNU/Linux ld.so
configure:15063: checking how to hardcode library paths into programs
configure:15088: result: immediate
configure:15138: checking for md5sum
configure:15154: found /usr/bin/md5sum
configure:15165: result: md5sum
configure:15222: checking for yaggo
configure:15253: result: false
configure:15355: checking for pkg-config
configure:15373: found /usr/bin/pkg-config
configure:15385: result: /usr/bin/pkg-config
configure:15410: checking pkg-config is at least version 0.9.0
configure:15413: result: yes
configure:15529: checking for __int128
configure:15529: /usr/bin/g++-4.9 -c -std=c++0x   conftest.cpp >&5
configure:15529: $? = 0
configure:15529: /usr/bin/g++-4.9 -c -std=c++0x   conftest.cpp >&5
conftest.cpp: In function 'int main()':
conftest.cpp:60:14: error: expected primary-expression before '__int128'
 if (sizeof ((__int128)))
              ^
conftest.cpp:60:14: error: expected ')' before '__int128'
conftest.cpp:61:14: error: expected ')' before ';' token
      return 0;
              ^
conftest.cpp:61:14: error: expected ')' before ';' token
configure:15529: $? = 1
configure: failed program was:
| /* confdefs.h */
| #define PACKAGE_NAME "jellyfish"
| #define PACKAGE_TARNAME "jellyfish"
| #define PACKAGE_VERSION "2.1.3"
| #define PACKAGE_STRING "jellyfish 2.1.3"
| #define PACKAGE_BUGREPORT "gmarcais@umd.edu"
| #define PACKAGE_URL ""
| #define PACKAGE "jellyfish"
| #define VERSION "2.1.3"
| #define STDC_HEADERS 1
| #define HAVE_SYS_TYPES_H 1
| #define HAVE_SYS_STAT_H 1
| #define HAVE_STDLIB_H 1
| #define HAVE_STRING_H 1
| #define HAVE_MEMORY_H 1
| #define HAVE_STRINGS_H 1
| #define HAVE_INTTYPES_H 1
| #define HAVE_STDINT_H 1
| #define HAVE_UNISTD_H 1
| #define HAVE_DLFCN_H 1
| #define LT_OBJDIR ".libs/"
| #define HAVE_SSE 1
| /* end confdefs.h.  */
| #include <stdio.h>
| #ifdef HAVE_SYS_TYPES_H
| # include <sys/types.h>
| #endif
| #ifdef HAVE_SYS_STAT_H
| # include <sys/stat.h>
| #endif
| #ifdef STDC_HEADERS
| # include <stdlib.h>
| # include <stddef.h>
| #else
| # ifdef HAVE_STDLIB_H
| #  include <stdlib.h>
| # endif
| #endif
| #ifdef HAVE_STRING_H
| # if !defined STDC_HEADERS && defined HAVE_MEMORY_H
| #  include <memory.h>
| # endif
| # include <string.h>
| #endif
| #ifdef HAVE_STRINGS_H
| # include <strings.h>
| #endif
| #ifdef HAVE_INTTYPES_H
| # include <inttypes.h>
| #endif
| #ifdef HAVE_STDINT_H
| # include <stdint.h>
| #endif
| #ifdef HAVE_UNISTD_H
| # include <unistd.h>
| #endif
| int
| main ()
| {
| if (sizeof ((__int128)))
| 	    return 0;
|   ;
|   return 0;
| }
configure:15529: result: yes
configure:15536: checking for std::numeric_limits<__int128>
configure:15550: /usr/bin/g++-4.9 -c -std=c++0x   conftest.cpp >&5
conftest.cpp: In function 'int main()':
conftest.cpp:30:1: error: incomplete type 'StaticAssert<false>' used in nested name specifier
 StaticAssert<std::numeric_limits<__int128>::is_specialized>::assert();
 ^
configure:15550: $? = 1
configure: failed program was:
| /* confdefs.h */
| #define PACKAGE_NAME "jellyfish"
| #define PACKAGE_TARNAME "jellyfish"
| #define PACKAGE_VERSION "2.1.3"
| #define PACKAGE_STRING "jellyfish 2.1.3"
| #define PACKAGE_BUGREPORT "gmarcais@umd.edu"
| #define PACKAGE_URL ""
| #define PACKAGE "jellyfish"
| #define VERSION "2.1.3"
| #define STDC_HEADERS 1
| #define HAVE_SYS_TYPES_H 1
| #define HAVE_SYS_STAT_H 1
| #define HAVE_STDLIB_H 1
| #define HAVE_STRING_H 1
| #define HAVE_MEMORY_H 1
| #define HAVE_STRINGS_H 1
| #define HAVE_INTTYPES_H 1
| #define HAVE_STDINT_H 1
| #define HAVE_UNISTD_H 1
| #define HAVE_DLFCN_H 1
| #define LT_OBJDIR ".libs/"
| #define HAVE_SSE 1
| #define HAVE_INT128 1
| /* end confdefs.h.  */
| #include <limits>
|                                             template<bool> struct StaticAssert; template<> struct StaticAssert<true> { static void assert() { } };
| int
| main ()
| {
| StaticAssert<std::numeric_limits<__int128>::is_specialized>::assert();
|   ;
|   return 0;
| }
configure:15557: result: no
configure:15564: checking for _NSGetExecutablePath
configure:15577: /usr/bin/g++-4.9 -o conftest -std=c++0x    conftest.cpp  >&5
conftest.cpp:25:25: fatal error: mach-o/dyld.h: No such file or directory
 #include <mach-o/dyld.h>
                         ^
compilation terminated.
configure:15577: $? = 1
configure: failed program was:
| /* confdefs.h */
| #define PACKAGE_NAME "jellyfish"
| #define PACKAGE_TARNAME "jellyfish"
| #define PACKAGE_VERSION "2.1.3"
| #define PACKAGE_STRING "jellyfish 2.1.3"
| #define PACKAGE_BUGREPORT "gmarcais@umd.edu"
| #define PACKAGE_URL ""
| #define PACKAGE "jellyfish"
| #define VERSION "2.1.3"
| #define STDC_HEADERS 1
| #define HAVE_SYS_TYPES_H 1
| #define HAVE_SYS_STAT_H 1
| #define HAVE_STDLIB_H 1
| #define HAVE_STRING_H 1
| #define HAVE_MEMORY_H 1
| #define HAVE_STRINGS_H 1
| #define HAVE_INTTYPES_H 1
| #define HAVE_STDINT_H 1
| #define HAVE_UNISTD_H 1
| #define HAVE_DLFCN_H 1
| #define LT_OBJDIR ".libs/"
| #define HAVE_SSE 1
| #define HAVE_INT128 1
| /* end confdefs.h.  */
| #include <mach-o/dyld.h>
| int
| main ()
| {
| _NSGetExecutablePath(0, 0);
|   ;
|   return 0;
| }
configure:15584: result: no
configure:15597: checking for execinfo.h
configure:15597: /usr/bin/g++-4.9 -c -std=c++0x   conftest.cpp >&5
configure:15597: $? = 0
configure:15597: result: yes
configure:15597: checking for ext/stdio_filebuf.h
configure:15597: /usr/bin/g++-4.9 -c -std=c++0x   conftest.cpp >&5
configure:15597: $? = 0
configure:15597: result: yes
configure:15613: checking for siginfo_t.si_int
configure:15613: /usr/bin/g++-4.9 -c -std=c++0x   conftest.cpp >&5
configure:15613: $? = 0
configure:15613: result: yes
configure:15769: creating ./config.status

## ---------------------- ##
## Running config.status. ##
## ---------------------- ##

This file was extended by jellyfish config.status 2.1.3, which was
generated by GNU Autoconf 2.68.  Invocation command line was

  CONFIG_FILES    = 
  CONFIG_HEADERS  = 
  CONFIG_LINKS    = 
  CONFIG_COMMANDS = 
  $ ./config.status 

on ocean

config.status:1172: creating Makefile
config.status:1172: creating tests/compat.sh
config.status:1172: creating jellyfish-2.0.pc
config.status:1172: creating config.h
config.status:1401: executing depfiles commands
config.status:1401: executing libtool commands

## ---------------- ##
## Cache variables. ##
## ---------------- ##

ac_cv_build=x86_64-unknown-linux-gnu
ac_cv_c_compiler_gnu=yes
ac_cv_cxx_compiler_gnu=yes
ac_cv_env_CCC_set=
ac_cv_env_CCC_value=
ac_cv_env_CC_set=set
ac_cv_env_CC_value=/usr/bin/gcc-4.9
ac_cv_env_CFLAGS_set=
ac_cv_env_CFLAGS_value=
ac_cv_env_CPPFLAGS_set=
ac_cv_env_CPPFLAGS_value=
ac_cv_env_CPP_set=
ac_cv_env_CPP_value=
ac_cv_env_CXXCPP_set=
ac_cv_env_CXXCPP_value=
ac_cv_env_CXXFLAGS_set=set
ac_cv_env_CXXFLAGS_value=
ac_cv_env_CXX_set=set
ac_cv_env_CXX_value=/usr/bin/g++-4.9
ac_cv_env_LDFLAGS_set=
ac_cv_env_LDFLAGS_value=
ac_cv_env_LIBS_set=
ac_cv_env_LIBS_value=
ac_cv_env_MD5_set=
ac_cv_env_MD5_value=
ac_cv_env_PKG_CONFIG_LIBDIR_set=
ac_cv_env_PKG_CONFIG_LIBDIR_value=
ac_cv_env_PKG_CONFIG_PATH_set=set
ac_cv_env_PKG_CONFIG_PATH_value=/opt/local/lib/pkgconfig:/opt/local/lib/pkgconfig:
ac_cv_env_PKG_CONFIG_set=
ac_cv_env_PKG_CONFIG_value=
ac_cv_env_VALGRIND_CFLAGS_set=
ac_cv_env_VALGRIND_CFLAGS_value=
ac_cv_env_VALGRIND_LIBS_set=
ac_cv_env_VALGRIND_LIBS_value=
ac_cv_env_YAGGO_set=
ac_cv_env_YAGGO_value=
ac_cv_env_build_alias_set=
ac_cv_env_build_alias_value=
ac_cv_env_host_alias_set=
ac_cv_env_host_alias_value=
ac_cv_env_target_alias_set=
ac_cv_env_target_alias_value=
ac_cv_header_dlfcn_h=yes
ac_cv_header_execinfo_h=yes
ac_cv_header_ext_stdio_filebuf_h=yes
ac_cv_header_inttypes_h=yes
ac_cv_header_memory_h=yes
ac_cv_header_stdc=yes
ac_cv_header_stdint_h=yes
ac_cv_header_stdlib_h=yes
ac_cv_header_string_h=yes
ac_cv_header_strings_h=yes
ac_cv_header_sys_stat_h=yes
ac_cv_header_sys_types_h=yes
ac_cv_header_unistd_h=yes
ac_cv_host=x86_64-unknown-linux-gnu
ac_cv_member_siginfo_t_si_int=yes
ac_cv_objext=o
ac_cv_path_EGREP='/bin/grep -E'
ac_cv_path_FGREP='/bin/grep -F'
ac_cv_path_GREP=/bin/grep
ac_cv_path_SED=/bin/sed
ac_cv_path_YAGGO=false
ac_cv_path_ac_pt_PKG_CONFIG=/usr/bin/pkg-config
ac_cv_path_install='/usr/bin/install -c'
ac_cv_path_mkdir=/bin/mkdir
ac_cv_prog_AWK=gawk
ac_cv_prog_CPP='/usr/bin/gcc-4.9 -E'
ac_cv_prog_CXXCPP='/usr/bin/g++-4.9 -E'
ac_cv_prog_MD5=md5sum
ac_cv_prog_ac_ct_AR=ar
ac_cv_prog_ac_ct_CC=/usr/bin/gcc-4.9
ac_cv_prog_ac_ct_MANIFEST_TOOL=mt
ac_cv_prog_ac_ct_OBJDUMP=objdump
ac_cv_prog_ac_ct_RANLIB=ranlib
ac_cv_prog_ac_ct_STRIP=strip
ac_cv_prog_cc_c89=
ac_cv_prog_cc_g=yes
ac_cv_prog_cxx_g=yes
ac_cv_prog_make_make_set=yes
ac_cv_type___int128=yes
am_cv_CC_dependencies_compiler_type=gcc3
am_cv_CXX_dependencies_compiler_type=gcc3
am_cv_make_support_nested_variables=yes
lt_cv_ar_at_file=@
lt_cv_archive_cmds_need_lc=no
lt_cv_deplibs_check_method=pass_all
lt_cv_file_magic_cmd='$MAGIC_CMD'
lt_cv_file_magic_test_file=
lt_cv_ld_reload_flag=-r
lt_cv_nm_interface='BSD nm'
lt_cv_objdir=.libs
lt_cv_path_LD=/usr/bin/ld
lt_cv_path_LDCXX='/usr/bin/ld -m elf_x86_64'
lt_cv_path_NM='/usr/bin/nm -B'
lt_cv_path_mainfest_tool=no
lt_cv_prog_compiler_c_o=yes
lt_cv_prog_compiler_c_o_CXX=yes
lt_cv_prog_compiler_pic='-fPIC -DPIC'
lt_cv_prog_compiler_pic_CXX='-fPIC -DPIC'
lt_cv_prog_compiler_pic_works=yes
lt_cv_prog_compiler_pic_works_CXX=yes
lt_cv_prog_compiler_rtti_exceptions=no
lt_cv_prog_compiler_static_works=yes
lt_cv_prog_compiler_static_works_CXX=yes
lt_cv_prog_gnu_ld=yes
lt_cv_prog_gnu_ldcxx=yes
lt_cv_sharedlib_from_linklib_cmd='printf %s\n'
lt_cv_shlibpath_overrides_runpath=no
lt_cv_sys_global_symbol_pipe='sed -n -e '\''s/^.*[	 ]\([ABCDGIRSTW][ABCDGIRSTW]*\)[	 ][	 ]*\([_A-Za-z][_A-Za-z0-9]*\)$/\1 \2 \2/p'\'' | sed '\''/ __gnu_lto/d'\'''
lt_cv_sys_global_symbol_to_c_name_address='sed -n -e '\''s/^: \([^ ]*\)[ ]*$/  {\"\1\", (void *) 0},/p'\'' -e '\''s/^[ABCDGIRSTW]* \([^ ]*\) \([^ ]*\)$/  {"\2", (void *) \&\2},/p'\'''
lt_cv_sys_global_symbol_to_c_name_address_lib_prefix='sed -n -e '\''s/^: \([^ ]*\)[ ]*$/  {\"\1\", (void *) 0},/p'\'' -e '\''s/^[ABCDGIRSTW]* \([^ ]*\) \(lib[^ ]*\)$/  {"\2", (void *) \&\2},/p'\'' -e '\''s/^[ABCDGIRSTW]* \([^ ]*\) \([^ ]*\)$/  {"lib\2", (void *) \&\2},/p'\'''
lt_cv_sys_global_symbol_to_cdecl='sed -n -e '\''s/^T .* \(.*\)$/extern int \1();/p'\'' -e '\''s/^[ABCDGIRSTW]* .* \(.*\)$/extern char \1;/p'\'''
lt_cv_sys_max_cmd_len=3458764513820540925
lt_cv_to_host_file_cmd=func_convert_file_noop
lt_cv_to_tool_file_cmd=func_convert_file_noop

## ----------------- ##
## Output variables. ##
## ----------------- ##

ACLOCAL='${SHELL} /home/robp/SoftwareStaging/salmon/external/jellyfish-2.1.3/missing --run aclocal-1.11'
ALL_CXXFLAGS='-std=c++0x'
AMDEPBACKSLASH='\'
AMDEP_FALSE='#'
AMDEP_TRUE=''
AMTAR='$${TAR-tar}'
AM_BACKSLASH='\'
AM_DEFAULT_V='$(AM_DEFAULT_VERBOSITY)'
AM_DEFAULT_VERBOSITY='0'
AM_V='$(V)'
AR='ar'
AUTOCONF='${SHELL} /home/robp/SoftwareStaging/salmon/external/jellyfish-2.1.3/missing --run autoconf'
AUTOHEADER='${SHELL} /home/robp/SoftwareStaging/salmon/external/jellyfish-2.1.3/missing --run autoheader'
AUTOMAKE='${SHELL} /home/robp/SoftwareStaging/salmon/external/jellyfish-2.1.3/missing --run automake-1.11'
AWK='gawk'
CC='/usr/bin/gcc-4.9'
CCDEPMODE='depmode=gcc3'
CFLAGS='-g -O2'
CPP='/usr/bin/gcc-4.9 -E'
CPPFLAGS=''
CXX='/usr/bin/g++-4.9'
CXXCPP='/usr/bin/g++-4.9 -E'
CXXDEPMODE='depmode=gcc3'
CXXFLAGS='-std=c++0x '
CYGPATH_W='echo'
DEFS='-DHAVE_CONFIG_H'
DEPDIR='.deps'
DLLTOOL='false'
DSYMUTIL=''
DUMPBIN=''
ECHO_C=''
ECHO_N='-n'
ECHO_T=''
EGREP='/bin/grep -E'
EXEEXT=''
FGREP='/bin/grep -F'
GREP='/bin/grep'
INSTALL_DATA='${INSTALL} -m 644'
INSTALL_PROGRAM='${INSTALL}'
INSTALL_SCRIPT='${INSTALL}'
INSTALL_STRIP_PROGRAM='$(install_sh) -c -s'
LD='/usr/bin/ld -m elf_x86_64'
LDFLAGS=''
LIBOBJS=''
LIBS=''
LIBTOOL='$(SHELL) $(top_builddir)/libtool'
LIPO=''
LN_S='ln -s'
LTLIBOBJS=''
MAKEINFO='${SHELL} /home/robp/SoftwareStaging/salmon/external/jellyfish-2.1.3/missing --run makeinfo'
MANIFEST_TOOL=':'
MD5='md5sum'
MKDIR_P='/bin/mkdir -p'
NM='/usr/bin/nm -B'
NMEDIT=''
OBJDUMP='objdump'
OBJEXT='o'
OTOOL64=''
OTOOL=''
PACKAGE='jellyfish'
PACKAGE_BUGREPORT='gmarcais@umd.edu'
PACKAGE_LIB='2.0'
PACKAGE_NAME='jellyfish'
PACKAGE_STRING='jellyfish 2.1.3'
PACKAGE_TARNAME='jellyfish'
PACKAGE_URL=''
PACKAGE_VERSION='2.1.3'
PATH_SEPARATOR=':'
PKG_CONFIG='/usr/bin/pkg-config'
PKG_CONFIG_LIBDIR=''
PKG_CONFIG_PATH='/opt/local/lib/pkgconfig:/opt/local/lib/pkgconfig:'
RANLIB='ranlib'
SED='/bin/sed'
SET_MAKE=''
SHELL='/bin/bash'
STATIC_FLAGS=''
STRIP='strip'
VALGRIND_CFLAGS=''
VALGRIND_LIBS=''
VERSION='2.1.3'
YAGGO='false'
ac_ct_AR='ar'
ac_ct_CC='/usr/bin/gcc-4.9'
ac_ct_CXX=''
ac_ct_DUMPBIN=''
am__EXEEXT_FALSE=''
am__EXEEXT_TRUE='#'
am__fastdepCC_FALSE='#'
am__fastdepCC_TRUE=''
am__fastdepCXX_FALSE='#'
am__fastdepCXX_TRUE=''
am__include='include'
am__isrc=''
am__leading_dot='.'
am__nodep='_no'
am__quote=''
am__tar='$${TAR-tar} chof - "$$tardir"'
am__untar='$${TAR-tar} xf -'
bindir='${exec_prefix}/bin'
build='x86_64-unknown-linux-gnu'
build_alias=''
build_cpu='x86_64'
build_os='linux-gnu'
build_vendor='unknown'
datadir='${datarootdir}'
datarootdir='${prefix}/share'
docdir='${datarootdir}/doc/${PACKAGE_TARNAME}'
dvidir='${docdir}'
exec_prefix='${prefix}'
host='x86_64-unknown-linux-gnu'
host_alias=''
host_cpu='x86_64'
host_os='linux-gnu'
host_vendor='unknown'
htmldir='${docdir}'
includedir='${prefix}/include'
infodir='${datarootdir}/info'
install_sh='${SHELL} /home/robp/SoftwareStaging/salmon/external/jellyfish-2.1.3/install-sh'
libdir='${exec_prefix}/lib'
libexecdir='${exec_prefix}/libexec'
localedir='${datarootdir}/locale'
localstatedir='${prefix}/var'
mandir='${datarootdir}/man'
mkdir_p='/bin/mkdir -p'
oldincludedir='/usr/include'
pdfdir='${docdir}'
prefix='/home/robp/SoftwareStaging/salmon/external/install'
program_transform_name='s,x,x,'
psdir='${docdir}'
sbindir='${exec_prefix}/sbin'
sharedstatedir='${prefix}/com'
sysconfdir='${prefix}/etc'
target_alias=''

## ----------- ##
## confdefs.h. ##
## ----------- ##

/* confdefs.h */
#define PACKAGE_NAME "jellyfish"
#define PACKAGE_TARNAME "jellyfish"
#define PACKAGE_VERSION "2.1.3"
#define PACKAGE_STRING "jellyfish 2.1.3"
#define PACKAGE_BUGREPORT "gmarcais@umd.edu"
#define PACKAGE_URL ""
#define PACKAGE "jellyfish"
#define VERSION "2.1.3"
#define STDC_HEADERS 1
#define HAVE_SYS_TYPES_H 1
#define HAVE_SYS_STAT_H 1
#define HAVE_STDLIB_H 1
#define HAVE_STRING_H 1
#define HAVE_MEMORY_H 1
#define HAVE_STRINGS_H 1
#define HAVE_INTTYPES_H 1
#define HAVE_STDINT_H 1
#define HAVE_UNISTD_H 1
#define HAVE_DLFCN_H 1
#define LT_OBJDIR ".libs/"
#define HAVE_SSE 1
#define HAVE_INT128 1
#define HAVE_EXECINFO_H 1
#define HAVE_EXT_STDIO_FILEBUF_H 1
#define HAVE_SI_INT 1

configure: exit 0
